<?xml version="1.0" encoding="UTF-8"?>
<!-- Generated by org.testng.reporters.JUnitReportReporter -->
<testsuite skipped="0" hostname="DESKTOP-ONH3S9L" name="apiTesting.TC004_PATCHRequest" tests="1" failures="0" timestamp="2020-09-30T01:20:52 CDT" time="3.465" errors="0">
  <testcase name="patchRequest" time="3.465" classname="apiTesting.TC004_PATCHRequest"/>
  <system-out/>
</testsuite> <!-- apiTesting.TC004_PATCHRequest -->
