<?xml version="1.0" encoding="UTF-8"?>
<!-- Generated by org.testng.reporters.JUnitReportReporter -->
<testsuite skipped="0" hostname="DESKTOP-ONH3S9L" name="apiTestingBDDapproch.TC001_Get_Request" tests="1" failures="0" timestamp="2020-09-30T11:49:40 CDT" time="2.667" errors="0">
  <testcase name="getWeatherDetails" time="2.667" classname="apiTestingBDDapproch.TC001_Get_Request"/>
  <system-out/>
</testsuite> <!-- apiTestingBDDapproch.TC001_Get_Request -->
