<?xml version="1.0" encoding="UTF-8"?>
<!-- Generated by org.testng.reporters.JUnitReportReporter -->
<testsuite skipped="0" hostname="DESKTOP-ONH3S9L" name="restAPITesting.StsrtRestAssured" tests="1" failures="0" timestamp="2020-11-26T00:21:55 CST" time="2.467" errors="0">
  <testcase name="getRequest" time="2.467" classname="restAPITesting.StsrtRestAssured"/>
  <system-out/>
</testsuite> <!-- restAPITesting.StsrtRestAssured -->
