<?xml version="1.0" encoding="UTF-8"?>
<!-- Generated by org.testng.reporters.JUnitReportReporter -->
<testsuite skipped="0" hostname="DESKTOP-ONH3S9L" name="apiTestingBDDapproch.TC002_POSTRequest" tests="1" failures="0" timestamp="2020-09-30T16:31:12 CDT" time="2.950" errors="0">
  <testcase name="postRequest02" time="2.950" classname="apiTestingBDDapproch.TC002_POSTRequest"/>
  <system-out/>
</testsuite> <!-- apiTestingBDDapproch.TC002_POSTRequest -->
