<?xml version="1.0" encoding="UTF-8"?>
<!-- Generated by org.testng.reporters.JUnitReportReporter -->
<testsuite skipped="0" hostname="DESKTOP-ONH3S9L" name="apiTesting.TC002_POSTRequest" tests="2" failures="0" timestamp="2020-09-30T01:00:44 CDT" time="4.150" errors="0">
  <testcase name="postRequestUnsuccessful" time="0.973" classname="apiTesting.TC002_POSTRequest"/>
  <system-out/>
  <testcase name="postRequest" time="3.177" classname="apiTesting.TC002_POSTRequest"/>
  <system-out/>
</testsuite> <!-- apiTesting.TC002_POSTRequest -->
