<?xml version="1.0" encoding="UTF-8"?>
<!-- Generated by org.testng.reporters.JUnitReportReporter -->
<testsuite skipped="0" hostname="DESKTOP-ONH3S9L" name="apiTestingGet.TC001_Get_Request" tests="1" failures="0" timestamp="2020-11-22T23:01:10 CST" time="3.064" errors="0">
  <testcase name="getWeatherDetails" time="3.064" classname="apiTestingGet.TC001_Get_Request"/>
  <system-out/>
</testsuite> <!-- apiTestingGet.TC001_Get_Request -->
