<?xml version="1.0" encoding="UTF-8"?>
<!-- Generated by org.testng.reporters.JUnitReportReporter -->
<testsuite skipped="0" hostname="DESKTOP-ONH3S9L" name="apiTests.PatchTests" tests="1" failures="0" timestamp="2020-10-07T17:46:13 CDT" time="4.969" errors="0">
  <testcase name="updateUsers" time="4.969" classname="apiTests.PatchTests"/>
  <system-out/>
</testsuite> <!-- apiTests.PatchTests -->
