<?xml version="1.0" encoding="UTF-8"?>
<!-- Generated by org.testng.reporters.JUnitReportReporter -->
<testsuite skipped="0" hostname="DESKTOP-ONH3S9L" name="apiTesting.Test_post" tests="2" failures="0" timestamp="2020-09-29T00:31:05 CDT" time="3.608" errors="0">
  <testcase name="Test1" time="3.144" classname="apiTesting.Test_post"/>
  <system-out/>
  <testcase name="Test2" time="0.464" classname="apiTesting.Test_post"/>
  <system-out/>
</testsuite> <!-- apiTesting.Test_post -->
