<?xml version="1.0" encoding="UTF-8"?>
<!-- Generated by org.testng.reporters.JUnitReportReporter -->
<testsuite skipped="0" hostname="DESKTOP-ONH3S9L" name="Test_GetBDDapproch" tests="2" failures="0" timestamp="2020-12-02T00:04:48 CST" time="4.235" errors="0">
  <testcase name="Test_01" time="3.778" classname="Test_GetBDDapproch"/>
  <system-out/>
  <testcase name="Test_02" time="0.457" classname="Test_GetBDDapproch"/>
  <system-out/>
</testsuite> <!-- Test_GetBDDapproch -->
