<?xml version="1.0" encoding="UTF-8"?>
<!-- Generated by org.testng.reporters.JUnitReportReporter -->
<testsuite skipped="0" hostname="DESKTOP-ONH3S9L" name="apiTestingBDDapproch.TC005_DeleteRequest" tests="2" failures="0" timestamp="2020-09-30T17:03:30 CDT" time="3.491" errors="0">
  <testcase name="deleteRequest" time="2.641" classname="apiTestingBDDapproch.TC005_DeleteRequest"/>
  <system-out/>
  <testcase name="deleteRequest01" time="0.850" classname="apiTestingBDDapproch.TC005_DeleteRequest"/>
  <system-out/>
</testsuite> <!-- apiTestingBDDapproch.TC005_DeleteRequest -->
