<?xml version="1.0" encoding="UTF-8"?>
<!-- Generated by org.testng.reporters.JUnitReportReporter -->
<testsuite skipped="0" hostname="DESKTOP-ONH3S9L" name="apiTestingBDDapproch.TC001_GetRequest" tests="1" failures="0" timestamp="2020-09-30T16:18:15 CDT" time="4.168" errors="0">
  <testcase name="getRequest03" time="4.168" classname="apiTestingBDDapproch.TC001_GetRequest"/>
  <system-out/>
</testsuite> <!-- apiTestingBDDapproch.TC001_GetRequest -->
