<?xml version="1.0" encoding="UTF-8"?>
<!-- Generated by org.testng.reporters.JUnitReportReporter -->
<testsuite skipped="0" hostname="DESKTOP-ONH3S9L" name="apiTests.PutTests" tests="2" failures="0" timestamp="2020-10-07T16:57:50 CDT" time="3.307" errors="0">
  <testcase name="updateEmployee" time="2.605" classname="apiTests.PutTests"/>
  <system-out/>
  <testcase name="updateUser" time="0.702" classname="apiTests.PutTests"/>
  <system-out/>
</testsuite> <!-- apiTests.PutTests -->
