<?xml version="1.0" encoding="UTF-8"?>
<!-- Generated by org.testng.reporters.JUnitReportReporter -->
<testsuite skipped="0" hostname="DESKTOP-ONH3S9L" name="apiTests.PostTests" tests="2" failures="0" timestamp="2020-10-07T12:51:34 CDT" time="4.184" errors="0">
  <testcase name="createUser" time="0.804" classname="apiTests.PostTests"/>
  <system-out/>
  <testcase name="createEmployee" time="3.380" classname="apiTests.PostTests"/>
  <system-out/>
</testsuite> <!-- apiTests.PostTests -->
