<?xml version="1.0" encoding="UTF-8"?>
<!-- Generated by org.testng.reporters.JUnitReportReporter -->
<testsuite skipped="0" hostname="DESKTOP-ONH3S9L" name="apiTestingBDDapproch.TC003_PUTrequest" tests="2" failures="0" timestamp="2020-09-30T16:55:35 CDT" time="3.696" errors="0">
  <testcase name="putRequest" time="2.939" classname="apiTestingBDDapproch.TC003_PUTrequest"/>
  <system-out/>
  <testcase name="putRequest02" time="0.757" classname="apiTestingBDDapproch.TC003_PUTrequest"/>
  <system-out/>
</testsuite> <!-- apiTestingBDDapproch.TC003_PUTrequest -->
