<?xml version="1.0" encoding="UTF-8"?>
<!-- Generated by org.testng.reporters.JUnitReportReporter -->
<testsuite skipped="0" hostname="DESKTOP-ONH3S9L" name="apiTests.DeleteTests" tests="2" failures="0" timestamp="2020-10-07T18:21:15 CDT" time="3.667" errors="0">
  <testcase name="deleteUser" time="0.612" classname="apiTests.DeleteTests"/>
  <system-out/>
  <testcase name="deleteEmployee" time="3.055" classname="apiTests.DeleteTests"/>
  <system-out/>
</testsuite> <!-- apiTests.DeleteTests -->
