<?xml version="1.0" encoding="UTF-8"?>
<!-- Generated by org.testng.reporters.JUnitReportReporter -->
<testsuite skipped="0" hostname="DESKTOP-ONH3S9L" name="allAPIMethodsBDDapproch.TC003_PUTrequest" tests="1" failures="0" timestamp="2020-11-28T20:37:25 CST" time="3.092" errors="0">
  <testcase name="putRequest02" time="3.092" classname="allAPIMethodsBDDapproch.TC003_PUTrequest"/>
  <system-out/>
</testsuite> <!-- allAPIMethodsBDDapproch.TC003_PUTrequest -->
