<?xml version="1.0" encoding="UTF-8"?>
<!-- Generated by org.testng.reporters.JUnitReportReporter -->
<testsuite skipped="0" hostname="DESKTOP-ONH3S9L" name="apiTestingGet.Get_Request" tests="1" failures="0" timestamp="2020-11-22T23:00:14 CST" time="4.213" errors="0">
  <testcase name="getWeatherDetails" time="4.213" classname="apiTestingGet.Get_Request"/>
  <system-out/>
</testsuite> <!-- apiTestingGet.Get_Request -->
