<?xml version="1.0" encoding="UTF-8"?>
<!-- Generated by org.testng.reporters.JUnitReportReporter -->
<testsuite skipped="0" hostname="DESKTOP-ONH3S9L" name="apiTests.GetTests" tests="6" failures="0" timestamp="2020-10-07T10:28:13 CDT" time="4.575" errors="0">
  <testcase name="getCountryName" time="0.381" classname="apiTests.GetTests"/>
  <system-out/>
  <testcase name="getSingleEmployee" time="0.696" classname="apiTests.GetTests"/>
  <system-out/>
  <testcase name="getFullCountryName" time="0.276" classname="apiTests.GetTests"/>
  <system-out/>
  <testcase name="getAllEmployees" time="2.426" classname="apiTests.GetTests"/>
  <system-out/>
  <testcase name="getAllUsers" time="0.436" classname="apiTests.GetTests"/>
  <system-out/>
  <testcase name="getCapitalCity" time="0.360" classname="apiTests.GetTests"/>
  <system-out/>
</testsuite> <!-- apiTests.GetTests -->
