<?xml version="1.0" encoding="UTF-8"?>
<!-- Generated by org.testng.reporters.JUnitReportReporter -->
<testsuite skipped="0" hostname="DESKTOP-ONH3S9L" name="apiTesting.Get_Request" tests="1" failures="0" timestamp="2020-09-30T11:46:18 CDT" time="2.640" errors="0">
  <testcase name="getWeatherDetails" time="2.640" classname="apiTesting.Get_Request"/>
  <system-out/>
</testsuite> <!-- apiTesting.Get_Request -->
