<?xml version="1.0" encoding="UTF-8"?>
<!-- Generated by org.testng.reporters.JUnitReportReporter -->
<testsuite skipped="0" hostname="DESKTOP-ONH3S9L" name="apiTesting.TC005_DeleteRequest" tests="1" failures="0" timestamp="2020-09-30T01:31:04 CDT" time="3.868" errors="0">
  <testcase name="deleteRequest" time="3.868" classname="apiTesting.TC005_DeleteRequest"/>
  <system-out/>
</testsuite> <!-- apiTesting.TC005_DeleteRequest -->
