<?xml version="1.0" encoding="UTF-8"?>
<!-- Generated by org.testng.reporters.JUnitReportReporter -->
<testsuite skipped="0" hostname="DESKTOP-ONH3S9L" name="allAPIMethodsBDDapproch.TC001_GetRequest" tests="1" failures="0" timestamp="2020-11-29T12:53:57 CST" time="6.450" errors="0">
  <testcase name="getRequest01" time="6.450" classname="allAPIMethodsBDDapproch.TC001_GetRequest"/>
  <system-out/>
</testsuite> <!-- allAPIMethodsBDDapproch.TC001_GetRequest -->
