<?xml version="1.0" encoding="UTF-8"?>
<!-- Generated by org.testng.reporters.JUnitReportReporter -->
<testsuite skipped="0" hostname="DESKTOP-ONH3S9L" name="StartRestAssured" tests="1" failures="0" timestamp="2020-11-26T23:11:16 CST" time="2.605" errors="0">
  <testcase name="Test_01" time="2.605" classname="StartRestAssured"/>
  <system-out/>
</testsuite> <!-- StartRestAssured -->
