<?xml version="1.0" encoding="UTF-8"?>
<!-- Generated by org.testng.reporters.JUnitReportReporter -->
<testsuite skipped="0" hostname="DESKTOP-ONH3S9L" name="allAPIMethodsBDDapproch.TC002_POSTRequest" tests="1" failures="0" timestamp="2020-11-29T10:55:41 CST" time="3.091" errors="0">
  <testcase name="postRequest02" time="3.091" classname="allAPIMethodsBDDapproch.TC002_POSTRequest"/>
  <system-out/>
</testsuite> <!-- allAPIMethodsBDDapproch.TC002_POSTRequest -->
