<?xml version="1.0" encoding="UTF-8"?>
<!-- Generated by org.testng.reporters.JUnitReportReporter -->
<testsuite skipped="0" hostname="DESKTOP-ONH3S9L" name="apiTesting.TC003_PUTrequest" tests="1" failures="0" timestamp="2020-09-30T00:54:16 CDT" time="3.211" errors="0">
  <testcase name="putRequest" time="3.211" classname="apiTesting.TC003_PUTrequest"/>
  <system-out/>
</testsuite> <!-- apiTesting.TC003_PUTrequest -->
