<?xml version="1.0" encoding="UTF-8"?>
<!-- Generated by org.testng.reporters.JUnitReportReporter -->
<testsuite skipped="0" hostname="DESKTOP-ONH3S9L" name="apiTesting.TC001_POSTRequest" tests="2" failures="0" timestamp="2020-09-29T09:42:44 CDT" time="3.524" errors="0">
  <testcase name="postRequest" time="3.027" classname="apiTesting.TC001_POSTRequest"/>
  <system-out/>
  <testcase name="postRequestUnsuccessful" time="0.497" classname="apiTesting.TC001_POSTRequest"/>
  <system-out/>
</testsuite> <!-- apiTesting.TC001_POSTRequest -->
